2025-07-16 22:01:54,514 DEBUG [main] BasicClientConnectionManager:161 - Get connection for route {s}->https://petstore.swagger.io:443
2025-07-16 22:01:54,598 DEBUG [main] DefaultClientConnectionOperator:177 - Connecting to petstore.swagger.io:443
2025-07-16 22:01:55,919 DEBUG [main] RequestAddCookies:123 - CookieSpec selected: ignoreCookies
2025-07-16 22:01:55,921 DEBUG [main] RequestAuthCache:77 - Auth cache not set in the context
2025-07-16 22:01:55,921 DEBUG [main] RequestTargetAuthentication:80 - Target auth state: UNCHALLENGED
2025-07-16 22:01:55,922 DEBUG [main] RequestProxyAuthentication:89 - Proxy auth state: UNCHALLENGED
2025-07-16 22:01:55,922 DEBUG [main] DefaultHttpClient:677 - Attempt 1 to execute request
2025-07-16 22:01:55,922 DEBUG [main] DefaultClientConnection:274 - Sending request: POST /v2/pet HTTP/1.1
2025-07-16 22:01:55,923 DEBUG [main] wire:73 -  >> "POST /v2/pet HTTP/1.1[\r][\n]"
2025-07-16 22:01:55,923 DEBUG [main] wire:73 -  >> "Accept: */*[\r][\n]"
2025-07-16 22:01:55,924 DEBUG [main] wire:73 -  >> "Content-Type: application/json[\r][\n]"
2025-07-16 22:01:55,924 DEBUG [main] wire:73 -  >> "Content-Length: 208[\r][\n]"
2025-07-16 22:01:55,924 DEBUG [main] wire:73 -  >> "Host: petstore.swagger.io[\r][\n]"
2025-07-16 22:01:55,924 DEBUG [main] wire:73 -  >> "Connection: Keep-Alive[\r][\n]"
2025-07-16 22:01:55,925 DEBUG [main] wire:73 -  >> "User-Agent: Apache-HttpClient/4.5.13 (Java/17.0.16)[\r][\n]"
2025-07-16 22:01:55,925 DEBUG [main] wire:73 -  >> "Accept-Encoding: gzip,deflate[\r][\n]"
2025-07-16 22:01:55,926 DEBUG [main] wire:73 -  >> "[\r][\n]"
2025-07-16 22:01:55,926 DEBUG [main] headers:278 - >> POST /v2/pet HTTP/1.1
2025-07-16 22:01:55,926 DEBUG [main] headers:281 - >> Accept: */*
2025-07-16 22:01:55,927 DEBUG [main] headers:281 - >> Content-Type: application/json
2025-07-16 22:01:55,927 DEBUG [main] headers:281 - >> Content-Length: 208
2025-07-16 22:01:55,927 DEBUG [main] headers:281 - >> Host: petstore.swagger.io
2025-07-16 22:01:55,927 DEBUG [main] headers:281 - >> Connection: Keep-Alive
2025-07-16 22:01:55,928 DEBUG [main] headers:281 - >> User-Agent: Apache-HttpClient/4.5.13 (Java/17.0.16)
2025-07-16 22:01:55,928 DEBUG [main] headers:281 - >> Accept-Encoding: gzip,deflate
2025-07-16 22:01:55,928 DEBUG [main] wire:73 -  >> "{[\n]"
2025-07-16 22:01:55,928 DEBUG [main] wire:73 -  >> "  "category" : {[\n]"
2025-07-16 22:01:55,928 DEBUG [main] wire:73 -  >> "    "id" : 1,[\n]"
2025-07-16 22:01:55,929 DEBUG [main] wire:73 -  >> "    "name" : "New Category"[\n]"
2025-07-16 22:01:55,929 DEBUG [main] wire:73 -  >> "  },[\n]"
2025-07-16 22:01:55,929 DEBUG [main] wire:73 -  >> "  "tags" : [ {[\n]"
2025-07-16 22:01:55,929 DEBUG [main] wire:73 -  >> "    "id" : 1,[\n]"
2025-07-16 22:01:55,929 DEBUG [main] wire:73 -  >> "    "name" : "NewTag"[\n]"
2025-07-16 22:01:55,930 DEBUG [main] wire:73 -  >> "  } ],[\n]"
2025-07-16 22:01:55,930 DEBUG [main] wire:73 -  >> "  "id" : 1,[\n]"
2025-07-16 22:01:55,930 DEBUG [main] wire:73 -  >> "  "status" : "not available",[\n]"
2025-07-16 22:01:55,930 DEBUG [main] wire:73 -  >> "  "name" : "Doggie",[\n]"
2025-07-16 22:01:55,930 DEBUG [main] wire:73 -  >> "  "PhotoURL" : null[\n]"
2025-07-16 22:01:55,931 DEBUG [main] wire:87 -  >> "}"
2025-07-16 22:01:56,235 DEBUG [main] wire:73 -  << "HTTP/1.1 200 OK[\r][\n]"
2025-07-16 22:01:56,237 DEBUG [main] wire:73 -  << "Date: Wed, 16 Jul 2025 16:31:56 GMT[\r][\n]"
2025-07-16 22:01:56,237 DEBUG [main] wire:73 -  << "Content-Type: application/json[\r][\n]"
2025-07-16 22:01:56,238 DEBUG [main] wire:73 -  << "Transfer-Encoding: chunked[\r][\n]"
2025-07-16 22:01:56,238 DEBUG [main] wire:73 -  << "Connection: keep-alive[\r][\n]"
2025-07-16 22:01:56,238 DEBUG [main] wire:73 -  << "Access-Control-Allow-Origin: *[\r][\n]"
2025-07-16 22:01:56,239 DEBUG [main] wire:73 -  << "Access-Control-Allow-Methods: GET, POST, DELETE, PUT[\r][\n]"
2025-07-16 22:01:56,239 DEBUG [main] wire:73 -  << "Access-Control-Allow-Headers: Content-Type, api_key, Authorization[\r][\n]"
2025-07-16 22:01:56,240 DEBUG [main] wire:73 -  << "Server: Jetty(9.2.9.v20150224)[\r][\n]"
2025-07-16 22:01:56,240 DEBUG [main] wire:73 -  << "[\r][\n]"
2025-07-16 22:01:56,240 DEBUG [main] DefaultClientConnection:259 - Receiving response: HTTP/1.1 200 OK
2025-07-16 22:01:56,241 DEBUG [main] headers:262 - << HTTP/1.1 200 OK
2025-07-16 22:01:56,241 DEBUG [main] headers:265 - << Date: Wed, 16 Jul 2025 16:31:56 GMT
2025-07-16 22:01:56,242 DEBUG [main] headers:265 - << Content-Type: application/json
2025-07-16 22:01:56,243 DEBUG [main] headers:265 - << Transfer-Encoding: chunked
2025-07-16 22:01:56,243 DEBUG [main] headers:265 - << Connection: keep-alive
2025-07-16 22:01:56,244 DEBUG [main] headers:265 - << Access-Control-Allow-Origin: *
2025-07-16 22:01:56,244 DEBUG [main] headers:265 - << Access-Control-Allow-Methods: GET, POST, DELETE, PUT
2025-07-16 22:01:56,244 DEBUG [main] headers:265 - << Access-Control-Allow-Headers: Content-Type, api_key, Authorization
2025-07-16 22:01:56,244 DEBUG [main] headers:265 - << Server: Jetty(9.2.9.v20150224)
2025-07-16 22:01:56,247 DEBUG [main] DefaultHttpClient:504 - Connection can be kept alive indefinitely
2025-07-16 22:01:56,251 DEBUG [main] RestAssuredHttpBuilder:553 - Parsing response as: application/json
2025-07-16 22:01:56,251 DEBUG [main] RestAssuredHttpBuilder:556 - Parsed data to instance of: class org.apache.http.conn.EofSensorInputStream
2025-07-16 22:01:56,271 DEBUG [main] wire:73 -  << "8c[\r][\n]"
2025-07-16 22:01:56,271 DEBUG [main] wire:87 -  << "{"id":1,"category":{"id":1,"name":"New Category"},"name":"Doggie","photoUrls":[],"tags":[{"id":1,"name":"NewTag"}],"status":"not available"}"
2025-07-16 22:01:56,272 DEBUG [main] wire:73 -  << "[\r][\n]"
2025-07-16 22:01:56,272 DEBUG [main] wire:73 -  << "0[\r][\n]"
2025-07-16 22:01:56,272 DEBUG [main] wire:73 -  << "[\r][\n]"
2025-07-16 22:01:56,273 DEBUG [main] BasicClientConnectionManager:200 - Releasing connection org.apache.http.impl.conn.ManagedClientConnectionImpl@25673087
2025-07-16 22:01:56,273 DEBUG [main] BasicClientConnectionManager:225 - Connection can be kept alive indefinitely
